Performing C++ SOURCE FILE Test COMPILER_SUPPORTS_CXX11 failed with the following output:
Change Dir: D:/CodingProjects/adventOfCodeRust/cpp/build/CMakeFiles/CMakeScratch/TryCompile-0uyxxd

Run Build Command(s):E:/Programme/VisualStudio/MSBuild/Current/Bin/amd64/MSBuild.exe cmTC_a7ca6.vcxproj /p:Configuration=Debug /p:Platform=x64 /p:VisualStudioVersion=17.0 /v:m && Microsoft (R) Build Engine version 17.1.0+ae57d105c for .NET Framework
Copyright (C) Microsoft Corporation. All rights reserved.

  Microsoft (R) C/C++ Optimizing Compiler Version 19.31.31107 for x64
  src.cxx
  Copyright (C) Microsoft Corporation.  All rights reserved.
  cl /c /Zi /W3 /WX- /diagnostics:column /Od /Ob0 /D _MBCS /D WIN32 /D _WINDOWS /D COMPILER_SUPPORTS_CXX11 /D "CMAKE_INTDIR=\"Debug\"" /Gm- /EHsc /RTC1 /MDd /GS /fp:precise /Zc:wchar_t /Zc:forScope /Zc:inline /GR /Fo"cmTC_a7ca6.dir\Debug\\" /Fd"cmTC_a7ca6.dir\Debug\vc143.pdb" /external:W3 /Gd /TP /errorReport:queue  -std=c++11 "D:\CodingProjects\adventOfCodeRust\cpp\build\CMakeFiles\CMakeScratch\TryCompile-0uyxxd\src.cxx"
cl : command line warning D9002: ignoring unknown option '-std=c++11' [D:\CodingProjects\adventOfCodeRust\cpp\build\CMakeFiles\CMakeScratch\TryCompile-0uyxxd\cmTC_a7ca6.vcxproj]
  cmTC_a7ca6.vcxproj -> D:\CodingProjects\adventOfCodeRust\cpp\build\CMakeFiles\CMakeScratch\TryCompile-0uyxxd\Debug\cmTC_a7ca6.exe


Source file was:
int main() { return 0; }

Performing C++ SOURCE FILE Test COMPILER_SUPPORTS_CXX0X failed with the following output:
Change Dir: D:/CodingProjects/adventOfCodeRust/cpp/build/CMakeFiles/CMakeScratch/TryCompile-sj0ipy

Run Build Command(s):E:/Programme/VisualStudio/MSBuild/Current/Bin/amd64/MSBuild.exe cmTC_f8632.vcxproj /p:Configuration=Debug /p:Platform=x64 /p:VisualStudioVersion=17.0 /v:m && Microsoft (R) Build Engine version 17.1.0+ae57d105c for .NET Framework
Copyright (C) Microsoft Corporation. All rights reserved.

  Microsoft (R) C/C++ Optimizing Compiler Version 19.31.31107 for x64
  src.cxx
  Copyright (C) Microsoft Corporation.  All rights reserved.
  cl /c /Zi /W3 /WX- /diagnostics:column /Od /Ob0 /D _MBCS /D WIN32 /D _WINDOWS /D COMPILER_SUPPORTS_CXX0X /D "CMAKE_INTDIR=\"Debug\"" /Gm- /EHsc /RTC1 /MDd /GS /fp:precise /Zc:wchar_t /Zc:forScope /Zc:inline /GR /Fo"cmTC_f8632.dir\Debug\\" /Fd"cmTC_f8632.dir\Debug\vc143.pdb" /external:W3 /Gd /TP /errorReport:queue  -std=c++0x "D:\CodingProjects\adventOfCodeRust\cpp\build\CMakeFiles\CMakeScratch\TryCompile-sj0ipy\src.cxx"
cl : command line warning D9002: ignoring unknown option '-std=c++0x' [D:\CodingProjects\adventOfCodeRust\cpp\build\CMakeFiles\CMakeScratch\TryCompile-sj0ipy\cmTC_f8632.vcxproj]
  cmTC_f8632.vcxproj -> D:\CodingProjects\adventOfCodeRust\cpp\build\CMakeFiles\CMakeScratch\TryCompile-sj0ipy\Debug\cmTC_f8632.exe


Source file was:
int main() { return 0; }

